c:\users\uav swarm sim\documents\github\swarmsim\openeaaglesswarmsims\build\vs2013\obj\debug\swarmsim\vc120.pdb
c:\users\uav swarm sim\documents\github\swarmsim\openeaaglesswarmsims\build\vs2013\obj\debug\swarmsim\vc120.idb
c:\users\uav swarm sim\documents\github\swarmsim\openeaaglesswarmsims\build\vs2013\obj\debug\swarmsim\coremag.obj
c:\users\uav swarm sim\documents\github\swarmsim\openeaaglesswarmsims\build\vs2013\obj\debug\swarmsim\factory.obj
c:\users\uav swarm sim\documents\github\swarmsim\openeaaglesswarmsims\build\vs2013\obj\debug\swarmsim\main.obj
c:\users\uav swarm sim\documents\github\swarmsim\openeaaglesswarmsims\build\vs2013\obj\debug\swarmsim\onboardcontrolagent.obj
c:\users\uav swarm sim\documents\github\swarmsim\openeaaglesswarmsims\build\vs2013\obj\debug\swarmsim\pixhawkap.obj
c:\users\uav swarm sim\documents\github\swarmsim\openeaaglesswarmsims\build\vs2013\obj\debug\swarmsim\serial.obj
c:\users\uav swarm sim\documents\github\swarmsim\openeaaglesswarmsims\build\vs2013\obj\debug\swarmsim\serialclass.obj
c:\users\uav swarm sim\documents\github\swarmsim\openeaaglesswarmsims\build\vs2013\obj\debug\swarmsim\simap.obj
c:\users\uav swarm sim\documents\github\swarmsim\openeaaglesswarmsims\build\vs2013\obj\debug\swarmsim\swarmautopilot.obj
c:\users\uav swarm sim\documents\github\swarmsim\openeaaglesswarmsims\build\vs2013\obj\debug\swarmsim\swarmsimulation.obj
c:\users\uav swarm sim\documents\github\swarmsim\openeaaglesswarmsims\build\vs2013\obj\debug\swarmsim\uav.obj
c:\users\uav swarm sim\documents\github\swarmsim\openeaaglesswarmsims\swarmsim\swarmsim.ilk
c:\users\uav swarm sim\documents\github\swarmsim\openeaaglesswarmsims\swarmsim\swarmsim.exe
c:\users\uav swarm sim\documents\github\swarmsim\openeaaglesswarmsims\swarmsim\swarmsim.pdb
c:\users\uav swarm sim\documents\github\swarmsim\openeaaglesswarmsims\build\vs2013\..\..\swarmsim\swarmsim.exe
c:\users\uav swarm sim\documents\github\swarmsim\openeaaglesswarmsims\build\vs2013\obj\debug\swarmsim\swarmsim.tlog\cl.command.1.tlog
c:\users\uav swarm sim\documents\github\swarmsim\openeaaglesswarmsims\build\vs2013\obj\debug\swarmsim\swarmsim.tlog\cl.read.1.tlog
c:\users\uav swarm sim\documents\github\swarmsim\openeaaglesswarmsims\build\vs2013\obj\debug\swarmsim\swarmsim.tlog\cl.write.1.tlog
c:\users\uav swarm sim\documents\github\swarmsim\openeaaglesswarmsims\build\vs2013\obj\debug\swarmsim\swarmsim.tlog\link.command.1.tlog
c:\users\uav swarm sim\documents\github\swarmsim\openeaaglesswarmsims\build\vs2013\obj\debug\swarmsim\swarmsim.tlog\link.read.1.tlog
c:\users\uav swarm sim\documents\github\swarmsim\openeaaglesswarmsims\build\vs2013\obj\debug\swarmsim\swarmsim.tlog\link.write.1.tlog
